<?xml version="1.0" encoding="UTF-8"?>
<!-- Generated by org.testng.reporters.JUnitReportReporter -->
<testsuite hostname="LAPTOP-HL9EOCAP" failures="0" tests="3" name="com.actitime.testscript.projectmodule" time="0.006" errors="0" timestamp="2023-11-09T00:00:01 IST" skipped="0">
  <testcase classname="com.actitime.testscript.projectmodule" name="modifyproject" time="0.002">
    <system-out>
      <![CDATA[modifyproject]]>
    </system-out>
  </testcase> <!-- modifyproject -->
  <testcase classname="com.actitime.testscript.projectmodule" name="daleteproject" time="0.002">
    <system-out>
      <![CDATA[deleteproject]]>
    </system-out>
  </testcase> <!-- daleteproject -->
  <testcase classname="com.actitime.testscript.projectmodule" name="createproject" time="0.002">
    <system-out>
      <![CDATA[createproject]]>
    </system-out>
  </testcase> <!-- createproject -->
  <system-out>
    <![CDATA[openbrowser
login
createtask
logout
login
deletetask
logout
login
modifytask
logout
login
createproject
logout
login
deleteproject
logout
login
modifyproject
logout
login
create customer
logout
login
deletecustomer
logout
login
modifycustomer
logout
closebrowser]]>
  </system-out>
</testsuite> <!-- com.actitime.testscript.projectmodule -->
