<?xml version="1.0" encoding="UTF-8"?>
<!-- Generated by org.testng.reporters.JUnitReportReporter -->
<testsuite hostname="LAPTOP-HL9EOCAP" failures="0" tests="2" name="com.actitime.testscript.use_of_after_beforemetod" time="0.014" errors="0" timestamp="2023-11-07T10:06:43 IST" skipped="0">
  <testcase classname="com.actitime.testscript.use_of_after_beforemetod" name="creartecustomer" time="0.007">
    <system-out>
      <![CDATA[createdcustomer]]>
    </system-out>
  </testcase> <!-- creartecustomer -->
  <testcase classname="com.actitime.testscript.use_of_after_beforemetod" name="deletecustomer" time="0.007">
    <system-out>
      <![CDATA[deletecustomer]]>
    </system-out>
  </testcase> <!-- deletecustomer -->
  <system-out>
    <![CDATA[login
createdcustomer
logout
login
deletecustomer
logout]]>
  </system-out>
</testsuite> <!-- com.actitime.testscript.use_of_after_beforemetod -->
