<?xml version="1.0" encoding="UTF-8"?>
<!-- Generated by org.testng.reporters.JUnitReportReporter -->
<testsuite hostname="LAPTOP-HL9EOCAP" failures="0" tests="1" name="com.actitime.pom.mainlogin" time="6.499" errors="0" timestamp="2023-11-11T21:33:34 IST" skipped="0">
  <testcase classname="com.actitime.pom.mainlogin" name="login" time="6.499"/>
</testsuite> <!-- com.actitime.pom.mainlogin -->
