<?xml version="1.0" encoding="UTF-8"?>
<!-- Generated by org.testng.reporters.JUnitReportReporter -->
<testsuite hostname="LAPTOP-HL9EOCAP" failures="0" tests="1" name="com.crm.pom.main_executer" time="2.843" errors="0" timestamp="2023-11-16T00:19:05 IST" skipped="0">
  <testcase classname="com.crm.pom.main_executer" name="mainmethod" time="2.843"/>
</testsuite> <!-- com.crm.pom.main_executer -->
