<?xml version="1.0" encoding="UTF-8"?>
<!-- Generated by org.testng.reporters.JUnitReportReporter -->
<testsuite hostname="LAPTOP-HL9EOCAP" failures="0" tests="3" name="com.actitime.testscript.taskmodule" time="0.010" errors="0" timestamp="2023-11-09T00:00:01 IST" skipped="0">
  <testcase classname="com.actitime.testscript.taskmodule" name="createtask" time="0.006">
    <system-out>
      <![CDATA[createtask]]>
    </system-out>
  </testcase> <!-- createtask -->
  <testcase classname="com.actitime.testscript.taskmodule" name="modifytask" time="0.003">
    <system-out>
      <![CDATA[modifytask]]>
    </system-out>
  </testcase> <!-- modifytask -->
  <testcase classname="com.actitime.testscript.taskmodule" name="deletetask" time="0.001">
    <system-out>
      <![CDATA[deletetask]]>
    </system-out>
  </testcase> <!-- deletetask -->
  <system-out>
    <![CDATA[openbrowser
login
createtask
logout
login
deletetask
logout
login
modifytask
logout
login
createproject
logout
login
deleteproject
logout
login
modifyproject
logout
login
create customer
logout
login
deletecustomer
logout
login
modifycustomer
logout
closebrowser]]>
  </system-out>
</testsuite> <!-- com.actitime.testscript.taskmodule -->
