<?xml version="1.0" encoding="UTF-8"?>
<!-- Generated by org.testng.reporters.JUnitReportReporter -->
<testsuite hostname="LAPTOP-HL9EOCAP" failures="0" tests="1" name="com.actitime.testscript.CreateProject" time="3.680" errors="0" timestamp="2023-11-30T21:57:35 IST" skipped="0">
  <testcase classname="com.actitime.testscript.CreateProject" name="testCreateProject" time="3.680"/>
  <system-out>
    <![CDATA[openbrowser
login
logout
closebrowser]]>
  </system-out>
</testsuite> <!-- com.actitime.testscript.CreateProject -->
